{"level":"error","message":"Loading mods: Error: ENOENT: no such file or directory, scandir 'C:\\Users\\flomu\\dbs\\BotFiles\\mods'","service":"user-service"}
{"level":"error","message":"Bot login: Error [TOKEN_INVALID]: An invalid token was provided.","service":"user-service"}
{"level":"error","message":"Loading mods: Error: ENOENT: no such file or directory, scandir 'C:\\Users\\flomu\\dbs\\BotFiles\\mods'","service":"user-service"}
{"level":"error","message":"Loading mods: Error: ENOENT: no such file or directory, scandir 'C:\\Users\\flomu\\dbs\\BotFiles\\mods'","service":"user-service"}
{"level":"error","message":"Loading mods: Error: ENOENT: no such file or directory, scandir 'C:\\Users\\w\\Documents\\discordbots\\theboys\\BotFiles\\mods'","service":"user-service"}
{"level":"error","message":"Bot login: Error [DISALLOWED_INTENTS]: Privileged intent provided is not enabled or whitelisted.","service":"user-service"}
{"level":"error","message":"Loading mods: Error: ENOENT: no such file or directory, scandir 'C:\\Users\\w\\Documents\\discordbots\\theboys\\BotFiles\\mods'","service":"user-service"}
{"level":"error","message":"Bot login: Error [DISALLOWED_INTENTS]: Privileged intent provided is not enabled or whitelisted.","service":"user-service"}
{"level":"error","message":"Loading mods: Error: ENOENT: no such file or directory, scandir 'C:\\Users\\w\\Documents\\discordbots\\theboys\\BotFiles\\mods'","service":"user-service"}
{"level":"error","message":"Bot login: Error [DISALLOWED_INTENTS]: Privileged intent provided is not enabled or whitelisted.","service":"user-service"}
{"level":"error","message":"Loading mods: Error: ENOENT: no such file or directory, scandir 'C:\\Users\\w\\Documents\\discordbots\\theboys\\BotFiles\\mods'","service":"user-service"}
{"level":"error","message":"Call next action: [oles] TypeError: Cannot read property 'type' of undefined\n    at Object.DBS.callNextAction (C:\\Users\\w\\Documents\\discordbots\\theboys\\BotFiles\\bot.js:127:20)\n    at Object.module.exports.Message_Handle (C:\\Users\\w\\Documents\\discordbots\\theboys\\BotFiles\\Handlers\\Message.js:33:9)\n    at processTicksAndRejections (internal/process/task_queues.js:93:5)","service":"user-service"}
{"level":"error","message":"Loading mods: Error: ENOENT: no such file or directory, scandir 'C:\\Users\\w\\Documents\\discordbots\\theboys\\BotFiles\\mods'","service":"user-service"}
{"level":"error","message":"Call next action: [ping] TypeError: Cannot read property 'type' of undefined\n    at Object.DBS.callNextAction (C:\\Users\\w\\Documents\\discordbots\\theboys\\BotFiles\\bot.js:127:20)\n    at Object.module.exports.Message_Handle (C:\\Users\\w\\Documents\\discordbots\\theboys\\BotFiles\\Handlers\\Message.js:33:9)\n    at processTicksAndRejections (internal/process/task_queues.js:93:5)","service":"user-service"}
{"level":"error","message":"Loading mods: Error: ENOENT: no such file or directory, scandir 'C:\\Users\\w\\Documents\\discordbots\\theboys\\BotFiles\\mods'","service":"user-service"}
{"level":"error","message":"Call next action: [t-status test https://open.spotify.com/track/1zO4IYsLp6qKMScvesJLk9?si=kbqnFXzeTPGFeczjeDnGxw] TypeError: Cannot read property 'type' of undefined\n    at Object.DBS.callNextAction (C:\\Users\\w\\Documents\\discordbots\\theboys\\BotFiles\\bot.js:127:20)\n    at Object.module.exports.Message_Handle (C:\\Users\\w\\Documents\\discordbots\\theboys\\BotFiles\\Handlers\\Message.js:33:9)","service":"user-service"}
{"level":"error","message":"Call next action: [ping] TypeError: Cannot read property 'type' of undefined\n    at Object.DBS.callNextAction (C:\\Users\\w\\Documents\\discordbots\\theboys\\BotFiles\\bot.js:127:20)\n    at Object.module.exports.Message_Handle (C:\\Users\\w\\Documents\\discordbots\\theboys\\BotFiles\\Handlers\\Message.js:33:9)\n    at processTicksAndRejections (internal/process/task_queues.js:93:5)","service":"user-service"}
{"level":"error","message":"Loading mods: Error: ENOENT: no such file or directory, scandir 'C:\\Users\\w\\Documents\\discordbots\\theboys\\BotFiles\\mods'","service":"user-service"}
{"level":"error","message":"Call next action: [t-status test https://open.spotify.com/track/1zO4IYsLp6qKMScvesJLk9?si=kbqnFXzeTPGFeczjeDnGxw] TypeError: Cannot read property 'type' of undefined\n    at Object.DBS.callNextAction (C:\\Users\\w\\Documents\\discordbots\\theboys\\BotFiles\\bot.js:127:20)\n    at Object.module.exports.Message_Handle (C:\\Users\\w\\Documents\\discordbots\\theboys\\BotFiles\\Handlers\\Message.js:33:9)","service":"user-service"}
{"level":"error","message":"Call next action: [t-status test] TypeError: Cannot read property 'type' of undefined\n    at Object.DBS.callNextAction (C:\\Users\\w\\Documents\\discordbots\\theboys\\BotFiles\\bot.js:127:20)\n    at Object.module.exports.Message_Handle (C:\\Users\\w\\Documents\\discordbots\\theboys\\BotFiles\\Handlers\\Message.js:33:9)","service":"user-service"}
{"level":"error","message":"Loading mods: Error: ENOENT: no such file or directory, scandir 'C:\\Users\\w\\Documents\\discordbots\\theboys\\BotFiles\\mods'","service":"user-service"}
{"level":"error","message":"Call next action: [-status test https://open.spotify.com/track/1zO4IYsLp6qKMScvesJLk9?si=kbqnFXzeTPGFeczjeDnGxw] TypeError: Cannot read property 'type' of undefined\n    at Object.DBS.callNextAction (C:\\Users\\w\\Documents\\discordbots\\theboys\\BotFiles\\bot.js:127:20)\n    at Object.module.exports.Message_Handle (C:\\Users\\w\\Documents\\discordbots\\theboys\\BotFiles\\Handlers\\Message.js:33:9)\n    at processTicksAndRejections (internal/process/task_queues.js:93:5)","service":"user-service"}
{"level":"error","message":"Loading mods: Error: ENOENT: no such file or directory, scandir 'C:\\Users\\w\\Documents\\discordbots\\theboys\\BotFiles\\mods'","service":"user-service"}
{"level":"error","message":"Call next action: [et-status] TypeError: Cannot read property 'type' of undefined\n    at Object.DBS.callNextAction (C:\\Users\\w\\Documents\\discordbots\\theboys\\BotFiles\\bot.js:127:20)\n    at Object.module.exports.Message_Handle (C:\\Users\\w\\Documents\\discordbots\\theboys\\BotFiles\\Handlers\\Message.js:33:9)\n    at processTicksAndRejections (internal/process/task_queues.js:93:5)","service":"user-service"}
{"level":"error","message":"Loading mods: Error: ENOENT: no such file or directory, scandir 'C:\\Users\\w\\Documents\\discordbots\\theboys\\BotFiles\\mods'","service":"user-service"}
{"level":"error","message":"Call next action: [oles] TypeError: Cannot read property 'type' of undefined\n    at Object.DBS.callNextAction (C:\\Users\\w\\Documents\\discordbots\\theboys\\BotFiles\\bot.js:127:20)\n    at Object.module.exports.Message_Handle (C:\\Users\\w\\Documents\\discordbots\\theboys\\BotFiles\\Handlers\\Message.js:33:9)\n    at processTicksAndRejections (internal/process/task_queues.js:93:5)","service":"user-service"}
{"level":"error","message":"Call next action: [es] TypeError: Cannot read property 'type' of undefined\n    at Object.DBS.callNextAction (C:\\Users\\w\\Documents\\discordbots\\theboys\\BotFiles\\bot.js:127:20)\n    at Object.module.exports.Message_Handle (C:\\Users\\w\\Documents\\discordbots\\theboys\\BotFiles\\Handlers\\Message.js:33:9)\n    at processTicksAndRejections (internal/process/task_queues.js:93:5)","service":"user-service"}
{"level":"error","message":"Loading mods: Error: ENOENT: no such file or directory, scandir 'C:\\Users\\w\\Documents\\discordbots\\theboys\\BotFiles\\mods'","service":"user-service"}
{"level":"error","message":"Call next action: [oles] TypeError: Cannot read property 'type' of undefined\n    at Object.DBS.callNextAction (C:\\Users\\w\\Documents\\discordbots\\theboys\\BotFiles\\bot.js:127:20)\n    at Object.module.exports.Message_Handle (C:\\Users\\w\\Documents\\discordbots\\theboys\\BotFiles\\Handlers\\Message.js:33:9)\n    at processTicksAndRejections (internal/process/task_queues.js:93:5)","service":"user-service"}
{"level":"error","message":"Call next action: [es] TypeError: Cannot read property 'type' of undefined\n    at Object.DBS.callNextAction (C:\\Users\\w\\Documents\\discordbots\\theboys\\BotFiles\\bot.js:127:20)\n    at Object.module.exports.Message_Handle (C:\\Users\\w\\Documents\\discordbots\\theboys\\BotFiles\\Handlers\\Message.js:33:9)\n    at processTicksAndRejections (internal/process/task_queues.js:93:5)","service":"user-service"}
{"level":"error","message":"Loading mods: Error: ENOENT: no such file or directory, scandir 'C:\\Users\\w\\Documents\\discordbots\\theboys\\BotFiles\\mods'","service":"user-service"}
{"level":"error","message":"Call next action: [oles] TypeError: Cannot read property 'type' of undefined\n    at Object.DBS.callNextAction (C:\\Users\\w\\Documents\\discordbots\\theboys\\BotFiles\\bot.js:127:20)\n    at Object.module.exports.Message_Handle (C:\\Users\\w\\Documents\\discordbots\\theboys\\BotFiles\\Handlers\\Message.js:33:9)\n    at processTicksAndRejections (internal/process/task_queues.js:93:5)","service":"user-service"}
{"level":"error","message":"Call next action: [es] TypeError: Cannot read property 'type' of undefined\n    at Object.DBS.callNextAction (C:\\Users\\w\\Documents\\discordbots\\theboys\\BotFiles\\bot.js:127:20)\n    at Object.module.exports.Message_Handle (C:\\Users\\w\\Documents\\discordbots\\theboys\\BotFiles\\Handlers\\Message.js:33:9)\n    at processTicksAndRejections (internal/process/task_queues.js:93:5)","service":"user-service"}
{"level":"error","message":"Call next action: [] TypeError: Cannot read property 'type' of undefined\n    at Object.DBS.callNextAction (C:\\Users\\w\\Documents\\discordbots\\theboys\\BotFiles\\bot.js:127:20)\n    at Object.module.exports.Message_Handle (C:\\Users\\w\\Documents\\discordbots\\theboys\\BotFiles\\Handlers\\Message.js:33:9)\n    at processTicksAndRejections (internal/process/task_queues.js:93:5)","service":"user-service"}
{"level":"error","message":"Loading mods: Error: ENOENT: no such file or directory, scandir 'C:\\Users\\w\\Documents\\discordbots\\theboys\\BotFiles\\mods'","service":"user-service"}
